<?xml version="1.0" encoding="UTF-8"?>
<!-- Generated by org.testng.reporters.JUnitXMLReporter -->
<testsuite ignored="2" hostname="DESKTOP-D0P530N" failures="0" tests="1" name="Default test" time="22.692" errors="0" timestamp="2021-12-11T11:04:46 IST">
  <testcase classname="FlightBooking" name="date" time="0.958"/>
  <testcase classname="FlightBooking" name="flightTab" time="0.0">
    <ignored/>
  </testcase> <!-- flightTab -->
  <testcase classname="FlightBooking" name="Passenger" time="0.0">
    <ignored/>
  </testcase> <!-- Passenger -->
</testsuite> <!-- Default test -->
