<?xml version="1.0" encoding="UTF-8"?>
<testng-results ignored="2" total="3" passed="1" failed="0" skipped="0">
  <reporter-output>
  </reporter-output>
  <suite started-at="2021-12-11T11:04:24 IST" name="Default suite" finished-at="2021-12-11T11:04:46 IST" duration-ms="22692">
    <groups>
    </groups>
    <test started-at="2021-12-11T11:04:24 IST" name="Default test" finished-at="2021-12-11T11:04:46 IST" duration-ms="22692">
      <class name="FlightBooking">
        <test-method is-config="true" signature="setup()[pri:0, instance:FlightBooking@2f8dad04]" started-at="2021-12-11T11:04:24 IST" name="setup" finished-at="2021-12-11T11:04:40 IST" duration-ms="16366" status="PASS">
          <reporter-output>
          </reporter-output>
        </test-method> <!-- setup -->
        <test-method signature="date()[pri:2, instance:FlightBooking@2f8dad04]" started-at="2021-12-11T11:04:40 IST" name="date" finished-at="2021-12-11T11:04:41 IST" duration-ms="958" status="PASS">
          <reporter-output>
          </reporter-output>
        </test-method> <!-- date -->
        <test-method is-config="true" signature="closeBrowser()[pri:0, instance:FlightBooking@2f8dad04]" started-at="2021-12-11T11:04:41 IST" name="closeBrowser" finished-at="2021-12-11T11:04:46 IST" duration-ms="5190" status="PASS">
          <reporter-output>
          </reporter-output>
        </test-method> <!-- closeBrowser -->
      </class> <!-- FlightBooking -->
    </test> <!-- Default test -->
  </suite> <!-- Default suite -->
</testng-results>
