<?xml version="1.0" encoding="UTF-8"?>
<testng-results ignored="0" total="1" passed="1" failed="0" skipped="0">
  <reporter-output>
  </reporter-output>
  <suite started-at="2021-12-10T17:01:47 IST" name="Default suite" finished-at="2021-12-10T17:02:04 IST" duration-ms="16747">
    <groups>
    </groups>
    <test started-at="2021-12-10T17:01:47 IST" name="Default test" finished-at="2021-12-10T17:02:04 IST" duration-ms="16747">
      <class name="SearchFlipkart">
        <test-method is-config="true" signature="setup()[pri:0, instance:SearchFlipkart@6973bf95]" started-at="2021-12-10T17:01:47 IST" name="setup" finished-at="2021-12-10T17:01:55 IST" duration-ms="7993" status="PASS">
          <reporter-output>
          </reporter-output>
        </test-method> <!-- setup -->
        <test-method signature="Search()[pri:0, instance:SearchFlipkart@6973bf95]" started-at="2021-12-10T17:01:55 IST" name="Search" finished-at="2021-12-10T17:02:04 IST" duration-ms="8704" status="PASS">
          <reporter-output>
          </reporter-output>
        </test-method> <!-- Search -->
      </class> <!-- SearchFlipkart -->
    </test> <!-- Default test -->
  </suite> <!-- Default suite -->
</testng-results>
