<?xml version="1.0" encoding="UTF-8"?>
<testng-results ignored="0" total="1" passed="1" failed="0" skipped="0">
  <reporter-output>
  </reporter-output>
  <suite started-at="2021-12-07T16:31:10 IST" name="Default suite" finished-at="2021-12-07T16:32:15 IST" duration-ms="65271">
    <groups>
    </groups>
    <test started-at="2021-12-07T16:31:10 IST" name="Default test" finished-at="2021-12-07T16:32:15 IST" duration-ms="65271">
      <class name="flightbooking.TripTest">
        <test-method is-config="true" signature="setup()[pri:0, instance:flightbooking.TripTest@460d0a57]" started-at="2021-12-07T16:31:10 IST" name="setup" finished-at="2021-12-07T16:31:14 IST" duration-ms="4590" status="PASS">
          <reporter-output>
          </reporter-output>
        </test-method> <!-- setup -->
        <test-method signature="verifyflightdetail()[pri:0, instance:flightbooking.TripTest@460d0a57]" started-at="2021-12-07T16:31:14 IST" name="verifyflightdetail" finished-at="2021-12-07T16:32:15 IST" duration-ms="60390" status="PASS">
          <reporter-output>
          </reporter-output>
        </test-method> <!-- verifyflightdetail -->
        <test-method is-config="true" signature="closeBrower()[pri:0, instance:flightbooking.TripTest@460d0a57]" started-at="2021-12-07T16:32:15 IST" name="closeBrower" finished-at="2021-12-07T16:32:15 IST" duration-ms="240" status="PASS">
          <reporter-output>
          </reporter-output>
        </test-method> <!-- closeBrower -->
        <test-method is-config="true" signature="cleanUp()[pri:0, instance:flightbooking.TripTest@460d0a57]" started-at="2021-12-07T16:32:15 IST" name="cleanUp" finished-at="2021-12-07T16:32:15 IST" duration-ms="0" status="PASS">
          <reporter-output>
          </reporter-output>
        </test-method> <!-- cleanUp -->
      </class> <!-- flightbooking.TripTest -->
    </test> <!-- Default test -->
  </suite> <!-- Default suite -->
</testng-results>
